TN:
SF:/Users/otseobande/Projects/favorite-things/client/src/App.vue
FN:50,data
FN:60,addDummyCategory
FN:69,mounted
FNF:3
FNH:0
FNDA:0,data
FNDA:0,addDummyCategory
FNDA:0,mounted
DA:36,0
DA:37,0
DA:38,0
DA:40,0
DA:41,0
DA:51,0
DA:61,0
DA:69,0
DA:70,0
DA:71,0
DA:73,0
DA:75,0
LF:12
LH:0
BRDA:69,0,0,0
BRDA:69,0,1,0
BRDA:69,0,2,0
BRF:3
BRH:0
end_of_record
TN:
SF:/Users/otseobande/Projects/favorite-things/client/src/main.js
FN:14,(anonymous_0)
FNF:1
FNH:0
FNDA:0,(anonymous_0)
DA:8,0
DA:9,0
DA:10,0
DA:12,0
DA:14,0
LF:5
LH:0
BRF:0
BRH:0
end_of_record
TN:
SF:/Users/otseobande/Projects/favorite-things/client/src/components/AdditionalInformation.vue
FN:76,data
FN:88,emitUpdate
FN:91,handleInputTypeChange
FN:99,addField
FN:107,removeField
FN:113,cleanedMetadata
FN:114,(anonymous_10)
FN:117,(anonymous_11)
FN:122,(anonymous_12)
FN:133,mounted
FNF:10
FNH:0
FNDA:0,data
FNDA:0,emitUpdate
FNDA:0,handleInputTypeChange
FNDA:0,addField
FNDA:0,removeField
FNDA:0,cleanedMetadata
FNDA:0,(anonymous_10)
FNDA:0,(anonymous_11)
FNDA:0,(anonymous_12)
FNDA:0,mounted
DA:64,0
DA:65,0
DA:77,0
DA:89,0
DA:92,0
DA:93,0
DA:95,0
DA:97,0
DA:100,0
DA:105,0
DA:108,0
DA:109,0
DA:114,0
DA:116,0
DA:119,0
DA:120,0
DA:122,0
DA:123,0
DA:126,0
DA:129,0
DA:134,0
DA:135,0
LF:22
LH:0
BRDA:78,0,0,0
BRDA:78,0,1,0
BRDA:92,1,0,0
BRDA:92,1,1,0
BRDA:116,2,0,0
BRDA:116,2,1,0
BRDA:119,3,0,0
BRDA:119,3,1,0
BRDA:119,4,0,0
BRDA:119,4,1,0
BRDA:134,5,0,0
BRDA:134,5,1,0
BRF:12
BRH:0
end_of_record
TN:
SF:/Users/otseobande/Projects/favorite-things/client/src/components/Category.vue
FN:160,data
FN:187,handleFavoriteThingChange
FN:207,handleCategoryNameClick
FN:209,(anonymous_13)
FN:211,updateCategoryName
FN:223,handleNewCategoryInputBlur
FN:240,showConfirmDeleteModal
FN:243,closeConfirmDeleteModal
FN:246,deleteCategory
FN:254,singularizedCategoryName
FN:259,mounted
FNF:11
FNH:0
FNDA:0,data
FNDA:0,handleFavoriteThingChange
FNDA:0,handleCategoryNameClick
FNDA:0,(anonymous_13)
FNDA:0,updateCategoryName
FNDA:0,handleNewCategoryInputBlur
FNDA:0,showConfirmDeleteModal
FNDA:0,closeConfirmDeleteModal
FNDA:0,deleteCategory
FNDA:0,singularizedCategoryName
FNDA:0,mounted
DA:138,0
DA:139,0
DA:141,0
DA:142,0
DA:143,0
DA:146,0
DA:147,0
DA:148,0
DA:149,0
DA:161,0
DA:188,0
DA:189,0
DA:197,0
DA:198,0
DA:207,0
DA:208,0
DA:209,0
DA:211,0
DA:221,0
DA:223,0
DA:231,0
DA:232,0
DA:233,0
DA:237,0
DA:241,0
DA:244,0
DA:247,0
DA:248,0
DA:255,0
DA:256,0
DA:260,0
DA:261,0
LF:32
LH:0
BRDA:188,0,0,0
BRDA:188,0,1,0
BRDA:197,1,0,0
BRDA:197,1,1,0
BRDA:211,2,0,0
BRDA:211,2,1,0
BRDA:211,2,2,0
BRDA:211,2,3,0
BRDA:211,3,0,0
BRDA:211,3,1,0
BRDA:223,4,0,0
BRDA:223,4,1,0
BRDA:223,4,2,0
BRDA:223,4,3,0
BRDA:223,4,4,0
BRDA:223,4,5,0
BRDA:223,5,0,0
BRDA:223,5,1,0
BRDA:231,6,0,0
BRDA:231,6,1,0
BRDA:232,7,0,0
BRDA:232,7,1,0
BRDA:260,8,0,0
BRDA:260,8,1,0
BRF:24
BRH:0
end_of_record
TN:
SF:/Users/otseobande/Projects/favorite-things/client/src/components/FavoriteThing.vue
FN:150,data
FN:165,confirmDelete
FN:168,closeConfirmDeleteModal
FN:171,openDetailsModal
FN:174,closeDetailsModal
FN:178,deleteFavoriteThing
FN:186,getChangesString
FN:189,(anonymous_21)
FN:206,formatDate
FN:211,rankingWithOrdinal
FN:214,metadata
FN:221,updateHistory
FN:222,(anonymous_26)
FNF:13
FNH:0
FNDA:0,data
FNDA:0,confirmDelete
FNDA:0,closeConfirmDeleteModal
FNDA:0,openDetailsModal
FNDA:0,closeDetailsModal
FNDA:0,deleteFavoriteThing
FNDA:0,getChangesString
FNDA:0,(anonymous_21)
FNDA:0,formatDate
FNDA:0,rankingWithOrdinal
FNDA:0,metadata
FNDA:0,updateHistory
FNDA:0,(anonymous_26)
DA:130,0
DA:131,0
DA:133,0
DA:135,0
DA:136,0
DA:139,0
DA:140,0
DA:151,0
DA:166,0
DA:169,0
DA:172,0
DA:175,0
DA:176,0
DA:178,0
DA:179,0
DA:184,0
DA:187,0
DA:189,0
DA:190,0
DA:191,0
DA:193,0
DA:194,0
DA:195,0
DA:196,0
DA:197,0
DA:198,0
DA:201,0
DA:204,0
DA:207,0
DA:212,0
DA:215,0
DA:216,0
DA:219,0
DA:222,0
DA:223,0
LF:35
LH:0
BRDA:178,0,0,0
BRDA:178,0,1,0
BRDA:178,0,2,0
BRDA:178,0,3,0
BRDA:193,1,0,0
BRDA:193,1,1,0
BRDA:195,2,0,0
BRDA:195,2,1,0
BRDA:197,3,0,0
BRDA:197,3,1,0
BRDA:215,4,0,0
BRDA:215,4,1,0
BRF:12
BRH:0
end_of_record
TN:
SF:/Users/otseobande/Projects/favorite-things/client/src/components/Modal.vue
FN:20,$propsShow
FNF:1
FNH:1
FNDA:2,$propsShow
DA:21,2
DA:22,1
DA:24,1
LF:3
LH:3
BRDA:21,0,0,1
BRDA:21,0,1,1
BRF:2
BRH:2
end_of_record
TN:
SF:/Users/otseobande/Projects/favorite-things/client/src/components/NewFavoriteThing.vue
FN:158,data
FN:178,betweenRanking
FN:192,getInitialNewFavoriteThing
FN:201,handleAddNewFavoriteThing
FN:217,handleEditNewFavoriteThing
FN:236,handleMetadataChange
FN:239,emitFinished
FN:244,transformMetadata
FN:249,(anonymous_25)
FN:256,(anonymous_26)
FN:273,rankingInfo
FN:307,mounted
FNF:12
FNH:0
FNDA:0,data
FNDA:0,betweenRanking
FNDA:0,getInitialNewFavoriteThing
FNDA:0,handleAddNewFavoriteThing
FNDA:0,handleEditNewFavoriteThing
FNDA:0,handleMetadataChange
FNDA:0,emitFinished
FNDA:0,transformMetadata
FNDA:0,(anonymous_25)
FNDA:0,(anonymous_26)
FNDA:0,rankingInfo
FNDA:0,mounted
DA:142,0
DA:143,0
DA:145,0
DA:148,0
DA:159,0
DA:179,0
DA:193,0
DA:201,0
DA:203,0
DA:206,0
DA:211,0
DA:212,0
DA:214,0
DA:217,0
DA:219,0
DA:222,0
DA:230,0
DA:231,0
DA:233,0
DA:237,0
DA:240,0
DA:241,0
DA:242,0
DA:245,0
DA:249,0
DA:250,0
DA:251,0
DA:256,0
DA:257,0
DA:263,0
DA:266,0
DA:269,0
DA:274,0
DA:275,0
DA:276,0
DA:277,0
DA:280,0
DA:284,0
DA:287,0
DA:291,0
DA:295,0
DA:298,0
DA:299,0
DA:303,0
DA:308,0
DA:309,0
LF:46
LH:0
BRDA:179,0,0,0
BRDA:179,0,1,0
BRDA:201,1,0,0
BRDA:201,1,1,0
BRDA:201,1,2,0
BRDA:201,1,3,0
BRDA:201,1,4,0
BRDA:201,1,5,0
BRDA:201,2,0,0
BRDA:201,2,1,0
BRDA:217,3,0,0
BRDA:217,3,1,0
BRDA:217,3,2,0
BRDA:217,3,3,0
BRDA:217,3,4,0
BRDA:217,3,5,0
BRDA:217,4,0,0
BRDA:217,4,1,0
BRDA:245,5,0,0
BRDA:245,5,1,0
BRDA:250,6,0,0
BRDA:250,6,1,0
BRDA:250,7,0,0
BRDA:250,7,1,0
BRDA:274,8,0,0
BRDA:274,8,1,0
BRDA:276,9,0,0
BRDA:276,9,1,0
BRDA:280,10,0,0
BRDA:280,10,1,0
BRDA:280,11,0,0
BRDA:280,11,1,0
BRDA:287,12,0,0
BRDA:287,12,1,0
BRDA:287,13,0,0
BRDA:287,13,1,0
BRDA:298,14,0,0
BRDA:298,14,1,0
BRDA:308,15,0,0
BRDA:308,15,1,0
BRF:40
BRH:0
end_of_record
TN:
SF:/Users/otseobande/Projects/favorite-things/client/src/services/categoryService.js
FN:4,(anonymous_0)
FN:7,(anonymous_1)
FN:10,(anonymous_2)
FN:13,(anonymous_3)
FNF:4
FNH:0
FNDA:0,(anonymous_0)
FNDA:0,(anonymous_1)
FNDA:0,(anonymous_2)
FNDA:0,(anonymous_3)
DA:3,0
DA:5,0
DA:8,0
DA:11,0
DA:14,0
LF:5
LH:0
BRF:0
BRH:0
end_of_record
TN:
SF:/Users/otseobande/Projects/favorite-things/client/src/services/favoriteThingService.js
FN:4,(anonymous_0)
FN:7,(anonymous_1)
FN:12,(anonymous_2)
FNF:3
FNH:0
FNDA:0,(anonymous_0)
FNDA:0,(anonymous_1)
FNDA:0,(anonymous_2)
DA:3,0
DA:5,0
DA:8,0
DA:13,0
LF:4
LH:0
BRF:0
BRH:0
end_of_record
TN:
SF:/Users/otseobande/Projects/favorite-things/client/src/services/http.js
FN:6,(anonymous_0)
FN:9,(anonymous_1)
FNF:2
FNH:0
FNDA:0,(anonymous_0)
FNDA:0,(anonymous_1)
DA:4,0
DA:5,0
DA:7,0
DA:11,0
DA:12,0
DA:15,0
LF:6
LH:0
BRDA:11,0,0,0
BRDA:11,0,1,0
BRF:2
BRH:0
end_of_record
TN:
SF:/Users/otseobande/Projects/favorite-things/client/src/store/actions.js
FN:8,(anonymous_0)
FN:14,(anonymous_1)
FN:20,(anonymous_2)
FN:32,(anonymous_3)
FN:40,(anonymous_4)
FN:48,(anonymous_5)
FN:52,(anonymous_6)
FN:58,(anonymous_7)
FN:64,(anonymous_8)
FNF:9
FNH:0
FNDA:0,(anonymous_0)
FNDA:0,(anonymous_1)
FNDA:0,(anonymous_2)
FNDA:0,(anonymous_3)
FNDA:0,(anonymous_4)
FNDA:0,(anonymous_5)
FNDA:0,(anonymous_6)
FNDA:0,(anonymous_7)
FNDA:0,(anonymous_8)
DA:9,0
DA:11,0
DA:15,0
DA:17,0
DA:24,0
DA:29,0
DA:33,0
DA:37,0
DA:41,0
DA:49,0
DA:53,0
DA:55,0
DA:59,0
DA:61,0
DA:65,0
DA:67,0
LF:16
LH:0
BRF:0
BRH:0
end_of_record
TN:
SF:/Users/otseobande/Projects/favorite-things/client/src/store/actions.type.js
FNF:0
FNH:0
DA:1,0
DA:2,0
DA:3,0
DA:4,0
DA:5,0
DA:6,0
DA:8,0
DA:9,0
DA:10,0
LF:9
LH:0
BRF:0
BRH:0
end_of_record
TN:
SF:/Users/otseobande/Projects/favorite-things/client/src/store/index.js
FNF:0
FNH:0
DA:8,0
LF:1
LH:0
BRF:0
BRH:0
end_of_record
TN:
SF:/Users/otseobande/Projects/favorite-things/client/src/store/mutations.js
FN:4,(anonymous_0)
FN:8,(anonymous_1)
FN:9,(anonymous_2)
FN:27,(anonymous_3)
FN:28,(anonymous_4)
FN:34,(anonymous_5)
FN:48,(anonymous_6)
FN:49,(anonymous_7)
FN:54,(anonymous_8)
FN:60,(anonymous_9)
FN:61,(anonymous_10)
FN:66,(anonymous_11)
FN:73,(anonymous_12)
FN:74,(anonymous_13)
FNF:14
FNH:0
FNDA:0,(anonymous_0)
FNDA:0,(anonymous_1)
FNDA:0,(anonymous_2)
FNDA:0,(anonymous_3)
FNDA:0,(anonymous_4)
FNDA:0,(anonymous_5)
FNDA:0,(anonymous_6)
FNDA:0,(anonymous_7)
FNDA:0,(anonymous_8)
FNDA:0,(anonymous_9)
FNDA:0,(anonymous_10)
FNDA:0,(anonymous_11)
FNDA:0,(anonymous_12)
FNDA:0,(anonymous_13)
DA:5,0
DA:9,0
DA:10,0
DA:11,0
DA:12,0
DA:14,0
DA:15,0
DA:17,0
DA:20,0
DA:23,0
DA:28,0
DA:29,0
DA:30,0
DA:32,0
DA:35,0
DA:36,0
DA:39,0
DA:42,0
DA:44,0
DA:49,0
DA:50,0
DA:52,0
DA:54,0
DA:56,0
DA:61,0
DA:62,0
DA:67,0
DA:74,0
DA:75,0
DA:76,0
DA:79,0
LF:31
LH:0
BRDA:10,0,0,0
BRDA:10,0,1,0
BRDA:14,1,0,0
BRDA:14,1,1,0
BRDA:29,2,0,0
BRDA:29,2,1,0
BRDA:35,3,0,0
BRDA:35,3,1,0
BRDA:75,4,0,0
BRDA:75,4,1,0
BRF:10
BRH:0
end_of_record
TN:
SF:/Users/otseobande/Projects/favorite-things/client/src/store/mutations.type.js
FNF:0
FNH:0
DA:1,0
DA:2,0
DA:3,0
DA:4,0
DA:5,0
DA:7,0
DA:8,0
DA:9,0
LF:8
LH:0
BRF:0
BRH:0
end_of_record
TN:
SF:/Users/otseobande/Projects/favorite-things/client/src/utils/getNumberWithOrdinal.js
FN:1,getNumberWithOrdinal
FNF:1
FNH:0
FNDA:0,getNumberWithOrdinal
DA:2,0
DA:3,0
DA:5,0
DA:9,0
LF:4
LH:0
BRDA:5,0,0,0
BRDA:5,0,1,0
BRDA:5,0,2,0
BRF:3
BRH:0
end_of_record
